{"/home/quentin/_REPO/git/contabull/contabull-sdk/src/sdk.ts": {"path":"/home/quentin/_REPO/git/contabull/contabull-sdk/src/sdk.ts","statementMap":{"0":{"start":{"line":1,"column":0},"end":{"line":1,"column":74}},"1":{"start":{"line":2,"column":0},"end":{"line":2,"column":37}},"2":{"start":{"line":3,"column":0},"end":{"line":3,"column":30}},"3":{"start":{"line":4,"column":0},"end":{"line":4,"column":43}},"4":{"start":{"line":5,"column":0},"end":{"line":5,"column":46}},"5":{"start":{"line":23,"column":4},"end":{"line":26,"column":null}},"6":{"start":{"line":28,"column":4},"end":{"line":31,"column":null}},"7":{"start":{"line":33,"column":4},"end":{"line":33,"column":56}},"8":{"start":{"line":34,"column":4},"end":{"line":34,"column":44}},"9":{"start":{"line":36,"column":4},"end":{"line":39,"column":null}},"10":{"start":{"line":37,"column":24},"end":{"line":37,"column":48}},"11":{"start":{"line":38,"column":22},"end":{"line":38,"column":43}},"12":{"start":{"line":41,"column":4},"end":{"line":52,"column":null}},"13":{"start":{"line":42,"column":25},"end":{"line":42,"column":33}},"14":{"start":{"line":44,"column":35},"end":{"line":49,"column":null}},"15":{"start":{"line":50,"column":8},"end":{"line":50,"column":40}},"16":{"start":{"line":56,"column":21},"end":{"line":56,"column":57}},"17":{"start":{"line":58,"column":4},"end":{"line":58,"column":25}},"18":{"start":{"line":62,"column":16},"end":{"line":62,"column":58}},"19":{"start":{"line":63,"column":17},"end":{"line":63,"column":42}},"20":{"start":{"line":65,"column":17},"end":{"line":65,"column":65}},"21":{"start":{"line":66,"column":21},"end":{"line":66,"column":44}},"22":{"start":{"line":68,"column":16},"end":{"line":68,"column":45}},"23":{"start":{"line":69,"column":23},"end":{"line":75,"column":6}},"24":{"start":{"line":77,"column":22},"end":{"line":77,"column":91}},"25":{"start":{"line":79,"column":4},"end":{"line":79,"column":42}},"26":{"start":{"line":80,"column":4},"end":{"line":80,"column":54}},"27":{"start":{"line":81,"column":4},"end":{"line":81,"column":60}},"28":{"start":{"line":83,"column":4},"end":{"line":83,"column":18}},"29":{"start":{"line":15,"column":0},"end":{"line":15,"column":13}}},"fnMap":{"0":{"name":"(anonymous_1)","decl":{"start":{"line":22,"column":2},"end":{"line":22,"column":14}},"loc":{"start":{"line":22,"column":39},"end":{"line":53,"column":3}}},"1":{"name":"(anonymous_2)","decl":{"start":{"line":37,"column":6},"end":{"line":37,"column":11}},"loc":{"start":{"line":37,"column":24},"end":{"line":37,"column":48}}},"2":{"name":"(anonymous_3)","decl":{"start":{"line":38,"column":6},"end":{"line":38,"column":7}},"loc":{"start":{"line":38,"column":22},"end":{"line":38,"column":43}}},"3":{"name":"(anonymous_4)","decl":{"start":{"line":42,"column":6},"end":{"line":42,"column":7}},"loc":{"start":{"line":42,"column":25},"end":{"line":42,"column":33}}},"4":{"name":"(anonymous_5)","decl":{"start":{"line":43,"column":6},"end":{"line":43,"column":7}},"loc":{"start":{"line":43,"column":21},"end":{"line":51,"column":7}}},"5":{"name":"(anonymous_6)","decl":{"start":{"line":55,"column":2},"end":{"line":55,"column":7}},"loc":{"start":{"line":55,"column":45},"end":{"line":59,"column":3}}},"6":{"name":"(anonymous_7)","decl":{"start":{"line":61,"column":10},"end":{"line":61,"column":15}},"loc":{"start":{"line":61,"column":54},"end":{"line":84,"column":3}}}},"branchMap":{"0":{"loc":{"start":{"line":45,"column":18},"end":{"line":45,"column":45}},"type":"binary-expr","locations":[{"start":{"line":45,"column":18},"end":{"line":45,"column":40}},{"start":{"line":45,"column":44},"end":{"line":45,"column":45}}]},"1":{"loc":{"start":{"line":46,"column":19},"end":{"line":46,"column":65}},"type":"binary-expr","locations":[{"start":{"line":46,"column":19},"end":{"line":46,"column":48}},{"start":{"line":46,"column":52},"end":{"line":46,"column":65}}]},"2":{"loc":{"start":{"line":47,"column":16},"end":{"line":47,"column":44}},"type":"binary-expr","locations":[{"start":{"line":47,"column":16},"end":{"line":47,"column":36}},{"start":{"line":47,"column":40},"end":{"line":47,"column":44}}]},"3":{"loc":{"start":{"line":65,"column":17},"end":{"line":65,"column":65}},"type":"cond-expr","locations":[{"start":{"line":65,"column":31},"end":{"line":65,"column":58}},{"start":{"line":65,"column":61},"end":{"line":65,"column":65}}]},"4":{"loc":{"start":{"line":79,"column":21},"end":{"line":79,"column":41}},"type":"binary-expr","locations":[{"start":{"line":79,"column":21},"end":{"line":79,"column":35}},{"start":{"line":79,"column":39},"end":{"line":79,"column":41}}]}},"s":{"0":1,"1":1,"2":1,"3":1,"4":1,"5":7,"6":7,"7":7,"8":7,"9":7,"10":4,"11":1,"12":7,"13":1,"14":2,"15":2,"16":1,"17":1,"18":4,"19":4,"20":4,"21":4,"22":4,"23":4,"24":4,"25":4,"26":4,"27":4,"28":4,"29":1},"f":{"0":7,"1":4,"2":1,"3":1,"4":2,"5":1,"6":4},"b":{"0":[2,1],"1":[2,1],"2":[2,1],"3":[2,2],"4":[4,4]}}
,"/home/quentin/_REPO/git/contabull/contabull-sdk/src/types.ts": {"path":"/home/quentin/_REPO/git/contabull/contabull-sdk/src/types.ts","statementMap":{"0":{"start":{"line":27,"column":0},"end":{"line":27,"column":23}},"1":{"start":{"line":27,"column":23},"end":{"line":27,"column":36}},"2":{"start":{"line":27,"column":36},"end":{"line":27,"column":49}},"3":{"start":{"line":27,"column":49},"end":{"line":27,"column":61}}},"fnMap":{"0":{"name":"(anonymous_0)","decl":{"start":{"line":27,"column":0},"end":{"line":27,"column":12}},"loc":{"start":{"line":27,"column":20},"end":{"line":27,"column":62}}}},"branchMap":{"0":{"loc":{"start":{"line":27,"column":12},"end":{"line":27,"column":23}},"type":"binary-expr","locations":[{"start":{"line":27,"column":12},"end":{"line":27,"column":20}},{"start":{"line":27,"column":20},"end":{"line":27,"column":23}}]}},"s":{"0":1,"1":1,"2":1,"3":1},"f":{"0":1},"b":{"0":[1,1]}}
,"/home/quentin/_REPO/git/contabull/contabull-sdk/src/resources/authorization.ts": {"path":"/home/quentin/_REPO/git/contabull/contabull-sdk/src/resources/authorization.ts","statementMap":{"0":{"start":{"line":2,"column":0},"end":{"line":2,"column":47}},"1":{"start":{"line":10,"column":4},"end":{"line":10,"column":null}},"2":{"start":{"line":17,"column":4},"end":{"line":17,"column":54}},"3":{"start":{"line":8,"column":0},"end":{"line":8,"column":13}}},"fnMap":{"0":{"name":"(anonymous_0)","decl":{"start":{"line":9,"column":2},"end":{"line":9,"column":14}},"loc":{"start":{"line":9,"column":35},"end":{"line":11,"column":3}}},"1":{"name":"(anonymous_1)","decl":{"start":{"line":16,"column":2},"end":{"line":16,"column":7}},"loc":{"start":{"line":16,"column":11},"end":{"line":18,"column":3}}}},"branchMap":{},"s":{"0":2,"1":9,"2":1,"3":2},"f":{"0":9,"1":1},"b":{}}
,"/home/quentin/_REPO/git/contabull/contabull-sdk/src/resources/base-resource.ts": {"path":"/home/quentin/_REPO/git/contabull/contabull-sdk/src/resources/base-resource.ts","statementMap":{"0":{"start":{"line":8,"column":4},"end":{"line":8,"column":null}},"1":{"start":{"line":9,"column":4},"end":{"line":9,"column":null}},"2":{"start":{"line":13,"column":21},"end":{"line":13,"column":84}},"3":{"start":{"line":15,"column":4},"end":{"line":15,"column":25}},"4":{"start":{"line":19,"column":21},"end":{"line":19,"column":79}},"5":{"start":{"line":21,"column":4},"end":{"line":21,"column":25}},"6":{"start":{"line":25,"column":21},"end":{"line":25,"column":78}},"7":{"start":{"line":27,"column":4},"end":{"line":27,"column":25}},"8":{"start":{"line":31,"column":21},"end":{"line":31,"column":80}},"9":{"start":{"line":33,"column":4},"end":{"line":33,"column":25}},"10":{"start":{"line":37,"column":21},"end":{"line":37,"column":75}},"11":{"start":{"line":39,"column":4},"end":{"line":39,"column":25}},"12":{"start":{"line":3,"column":0},"end":{"line":3,"column":22}}},"fnMap":{"0":{"name":"(anonymous_0)","decl":{"start":{"line":7,"column":2},"end":{"line":7,"column":14}},"loc":{"start":{"line":7,"column":53},"end":{"line":10,"column":3}}},"1":{"name":"(anonymous_1)","decl":{"start":{"line":12,"column":12},"end":{"line":12,"column":17}},"loc":{"start":{"line":12,"column":67},"end":{"line":16,"column":3}}},"2":{"name":"(anonymous_2)","decl":{"start":{"line":18,"column":12},"end":{"line":18,"column":17}},"loc":{"start":{"line":18,"column":50},"end":{"line":22,"column":3}}},"3":{"name":"(anonymous_3)","decl":{"start":{"line":24,"column":12},"end":{"line":24,"column":17}},"loc":{"start":{"line":24,"column":49},"end":{"line":28,"column":3}}},"4":{"name":"(anonymous_4)","decl":{"start":{"line":30,"column":12},"end":{"line":30,"column":17}},"loc":{"start":{"line":30,"column":51},"end":{"line":34,"column":3}}},"5":{"name":"(anonymous_5)","decl":{"start":{"line":36,"column":12},"end":{"line":36,"column":17}},"loc":{"start":{"line":36,"column":40},"end":{"line":40,"column":3}}}},"branchMap":{},"s":{"0":22,"1":22,"2":2,"3":2,"4":1,"5":1,"6":1,"7":1,"8":1,"9":1,"10":1,"11":1,"12":3},"f":{"0":22,"1":2,"2":1,"3":1,"4":1,"5":1},"b":{}}
,"/home/quentin/_REPO/git/contabull/contabull-sdk/src/resources/charges.ts": {"path":"/home/quentin/_REPO/git/contabull/contabull-sdk/src/resources/charges.ts","statementMap":{"0":{"start":{"line":2,"column":0},"end":{"line":2,"column":24}},"1":{"start":{"line":3,"column":0},"end":{"line":3,"column":36}},"2":{"start":{"line":4,"column":0},"end":{"line":4,"column":61}},"3":{"start":{"line":5,"column":0},"end":{"line":5,"column":47}},"4":{"start":{"line":7,"column":13},"end":{"line":13,"column":5}},"5":{"start":{"line":23,"column":4},"end":{"line":23,"column":null}},"6":{"start":{"line":30,"column":4},"end":{"line":30,"column":55}},"7":{"start":{"line":32,"column":4},"end":{"line":32,"column":58}},"8":{"start":{"line":21,"column":0},"end":{"line":21,"column":13}}},"fnMap":{"0":{"name":"(anonymous_0)","decl":{"start":{"line":22,"column":2},"end":{"line":22,"column":14}},"loc":{"start":{"line":22,"column":35},"end":{"line":24,"column":3}}},"1":{"name":"(anonymous_1)","decl":{"start":{"line":29,"column":2},"end":{"line":29,"column":7}},"loc":{"start":{"line":29,"column":36},"end":{"line":33,"column":3}}}},"branchMap":{},"s":{"0":1,"1":1,"2":1,"3":1,"4":1,"5":7,"6":0,"7":0,"8":1},"f":{"0":7,"1":0},"b":{}}
,"/home/quentin/_REPO/git/contabull/contabull-sdk/src/utils/safe-await.ts": {"path":"/home/quentin/_REPO/git/contabull/contabull-sdk/src/utils/safe-await.ts","statementMap":{"0":{"start":{"line":1,"column":25},"end":{"line":9,"column":1}},"1":{"start":{"line":2,"column":2},"end":{"line":8,"column":3}},"2":{"start":{"line":3,"column":19},"end":{"line":3,"column":32}},"3":{"start":{"line":5,"column":4},"end":{"line":5,"column":35}},"4":{"start":{"line":7,"column":4},"end":{"line":7,"column":47}},"5":{"start":{"line":1,"column":13},"end":{"line":1,"column":25}}},"fnMap":{"0":{"name":"(anonymous_0)","decl":{"start":{"line":1,"column":25},"end":{"line":1,"column":30}},"loc":{"start":{"line":1,"column":135},"end":{"line":9,"column":1}}}},"branchMap":{},"s":{"0":1,"1":0,"2":0,"3":0,"4":0,"5":1},"f":{"0":0},"b":{}}
,"/home/quentin/_REPO/git/contabull/contabull-sdk/src/utils/validate-or-throw.ts": {"path":"/home/quentin/_REPO/git/contabull/contabull-sdk/src/utils/validate-or-throw.ts","statementMap":{"0":{"start":{"line":2,"column":0},"end":{"line":2,"column":41}},"1":{"start":{"line":4,"column":31},"end":{"line":13,"column":1}},"2":{"start":{"line":5,"column":21},"end":{"line":5,"column":61}},"3":{"start":{"line":7,"column":2},"end":{"line":10,"column":3}},"4":{"start":{"line":8,"column":4},"end":{"line":8,"column":52}},"5":{"start":{"line":9,"column":4},"end":{"line":9,"column":116}},"6":{"start":{"line":12,"column":2},"end":{"line":12,"column":27}},"7":{"start":{"line":4,"column":13},"end":{"line":4,"column":31}}},"fnMap":{"0":{"name":"(anonymous_0)","decl":{"start":{"line":4,"column":31},"end":{"line":4,"column":36}},"loc":{"start":{"line":4,"column":131},"end":{"line":13,"column":1}}}},"branchMap":{"0":{"loc":{"start":{"line":7,"column":2},"end":{"line":10,"column":3}},"type":"if","locations":[{"start":{"line":7,"column":2},"end":{"line":10,"column":3}}]}},"s":{"0":1,"1":1,"2":0,"3":0,"4":0,"5":0,"6":0,"7":1},"f":{"0":0},"b":{"0":[0]}}
}
