{"/home/quentin/_REPO/git/contabull/contabull-sdk/src/sdk.ts": {"path":"/home/quentin/_REPO/git/contabull/contabull-sdk/src/sdk.ts","statementMap":{"0":{"start":{"line":1,"column":0},"end":{"line":1,"column":74}},"1":{"start":{"line":2,"column":0},"end":{"line":2,"column":37}},"2":{"start":{"line":3,"column":0},"end":{"line":3,"column":30}},"3":{"start":{"line":4,"column":0},"end":{"line":4,"column":43}},"4":{"start":{"line":21,"column":4},"end":{"line":24,"column":null}},"5":{"start":{"line":26,"column":4},"end":{"line":29,"column":null}},"6":{"start":{"line":31,"column":4},"end":{"line":31,"column":null}},"7":{"start":{"line":33,"column":4},"end":{"line":36,"column":null}},"8":{"start":{"line":34,"column":24},"end":{"line":34,"column":48}},"9":{"start":{"line":35,"column":22},"end":{"line":35,"column":43}},"10":{"start":{"line":38,"column":4},"end":{"line":49,"column":null}},"11":{"start":{"line":39,"column":25},"end":{"line":39,"column":33}},"12":{"start":{"line":41,"column":35},"end":{"line":46,"column":null}},"13":{"start":{"line":47,"column":8},"end":{"line":47,"column":40}},"14":{"start":{"line":53,"column":21},"end":{"line":53,"column":57}},"15":{"start":{"line":55,"column":4},"end":{"line":55,"column":25}},"16":{"start":{"line":59,"column":16},"end":{"line":59,"column":58}},"17":{"start":{"line":60,"column":17},"end":{"line":60,"column":42}},"18":{"start":{"line":62,"column":17},"end":{"line":62,"column":65}},"19":{"start":{"line":63,"column":21},"end":{"line":63,"column":44}},"20":{"start":{"line":65,"column":16},"end":{"line":65,"column":45}},"21":{"start":{"line":66,"column":23},"end":{"line":72,"column":6}},"22":{"start":{"line":74,"column":22},"end":{"line":74,"column":91}},"23":{"start":{"line":76,"column":4},"end":{"line":76,"column":42}},"24":{"start":{"line":77,"column":4},"end":{"line":77,"column":54}},"25":{"start":{"line":78,"column":4},"end":{"line":78,"column":60}},"26":{"start":{"line":80,"column":4},"end":{"line":80,"column":18}},"27":{"start":{"line":14,"column":0},"end":{"line":14,"column":13}}},"fnMap":{"0":{"name":"(anonymous_1)","decl":{"start":{"line":20,"column":2},"end":{"line":20,"column":14}},"loc":{"start":{"line":20,"column":39},"end":{"line":50,"column":3}}},"1":{"name":"(anonymous_2)","decl":{"start":{"line":34,"column":6},"end":{"line":34,"column":11}},"loc":{"start":{"line":34,"column":24},"end":{"line":34,"column":48}}},"2":{"name":"(anonymous_3)","decl":{"start":{"line":35,"column":6},"end":{"line":35,"column":7}},"loc":{"start":{"line":35,"column":22},"end":{"line":35,"column":43}}},"3":{"name":"(anonymous_4)","decl":{"start":{"line":39,"column":6},"end":{"line":39,"column":7}},"loc":{"start":{"line":39,"column":25},"end":{"line":39,"column":33}}},"4":{"name":"(anonymous_5)","decl":{"start":{"line":40,"column":6},"end":{"line":40,"column":7}},"loc":{"start":{"line":40,"column":21},"end":{"line":48,"column":7}}},"5":{"name":"(anonymous_6)","decl":{"start":{"line":52,"column":2},"end":{"line":52,"column":7}},"loc":{"start":{"line":52,"column":45},"end":{"line":56,"column":3}}},"6":{"name":"(anonymous_7)","decl":{"start":{"line":58,"column":10},"end":{"line":58,"column":15}},"loc":{"start":{"line":58,"column":54},"end":{"line":81,"column":3}}}},"branchMap":{"0":{"loc":{"start":{"line":42,"column":18},"end":{"line":42,"column":45}},"type":"binary-expr","locations":[{"start":{"line":42,"column":18},"end":{"line":42,"column":40}},{"start":{"line":42,"column":44},"end":{"line":42,"column":45}}]},"1":{"loc":{"start":{"line":43,"column":19},"end":{"line":43,"column":65}},"type":"binary-expr","locations":[{"start":{"line":43,"column":19},"end":{"line":43,"column":48}},{"start":{"line":43,"column":52},"end":{"line":43,"column":65}}]},"2":{"loc":{"start":{"line":44,"column":16},"end":{"line":44,"column":44}},"type":"binary-expr","locations":[{"start":{"line":44,"column":16},"end":{"line":44,"column":36}},{"start":{"line":44,"column":40},"end":{"line":44,"column":44}}]},"3":{"loc":{"start":{"line":62,"column":17},"end":{"line":62,"column":65}},"type":"cond-expr","locations":[{"start":{"line":62,"column":31},"end":{"line":62,"column":58}},{"start":{"line":62,"column":61},"end":{"line":62,"column":65}}]},"4":{"loc":{"start":{"line":76,"column":21},"end":{"line":76,"column":41}},"type":"binary-expr","locations":[{"start":{"line":76,"column":21},"end":{"line":76,"column":35}},{"start":{"line":76,"column":39},"end":{"line":76,"column":41}}]}},"s":{"0":1,"1":1,"2":1,"3":1,"4":7,"5":7,"6":7,"7":7,"8":4,"9":1,"10":7,"11":1,"12":2,"13":2,"14":1,"15":1,"16":4,"17":4,"18":4,"19":4,"20":4,"21":4,"22":4,"23":4,"24":4,"25":4,"26":4,"27":1},"f":{"0":7,"1":4,"2":1,"3":1,"4":2,"5":1,"6":4},"b":{"0":[2,1],"1":[2,1],"2":[2,1],"3":[2,2],"4":[4,4]}}
,"/home/quentin/_REPO/git/contabull/contabull-sdk/src/resources/authorization.ts": {"path":"/home/quentin/_REPO/git/contabull/contabull-sdk/src/resources/authorization.ts","statementMap":{"0":{"start":{"line":2,"column":0},"end":{"line":2,"column":47}},"1":{"start":{"line":10,"column":4},"end":{"line":10,"column":null}},"2":{"start":{"line":17,"column":4},"end":{"line":17,"column":50}},"3":{"start":{"line":8,"column":0},"end":{"line":8,"column":13}}},"fnMap":{"0":{"name":"(anonymous_0)","decl":{"start":{"line":9,"column":2},"end":{"line":9,"column":14}},"loc":{"start":{"line":9,"column":35},"end":{"line":11,"column":3}}},"1":{"name":"(anonymous_1)","decl":{"start":{"line":16,"column":2},"end":{"line":16,"column":7}},"loc":{"start":{"line":16,"column":11},"end":{"line":18,"column":3}}}},"branchMap":{},"s":{"0":2,"1":9,"2":1,"3":2},"f":{"0":9,"1":1},"b":{}}
,"/home/quentin/_REPO/git/contabull/contabull-sdk/src/resources/base-resource.ts": {"path":"/home/quentin/_REPO/git/contabull/contabull-sdk/src/resources/base-resource.ts","statementMap":{"0":{"start":{"line":8,"column":4},"end":{"line":8,"column":null}},"1":{"start":{"line":9,"column":4},"end":{"line":9,"column":null}},"2":{"start":{"line":13,"column":21},"end":{"line":13,"column":84}},"3":{"start":{"line":15,"column":4},"end":{"line":15,"column":25}},"4":{"start":{"line":19,"column":21},"end":{"line":19,"column":79}},"5":{"start":{"line":21,"column":4},"end":{"line":21,"column":25}},"6":{"start":{"line":25,"column":21},"end":{"line":25,"column":78}},"7":{"start":{"line":27,"column":4},"end":{"line":27,"column":25}},"8":{"start":{"line":31,"column":21},"end":{"line":31,"column":80}},"9":{"start":{"line":33,"column":4},"end":{"line":33,"column":25}},"10":{"start":{"line":37,"column":21},"end":{"line":37,"column":75}},"11":{"start":{"line":39,"column":4},"end":{"line":39,"column":25}},"12":{"start":{"line":3,"column":0},"end":{"line":3,"column":22}}},"fnMap":{"0":{"name":"(anonymous_0)","decl":{"start":{"line":7,"column":2},"end":{"line":7,"column":14}},"loc":{"start":{"line":7,"column":53},"end":{"line":10,"column":3}}},"1":{"name":"(anonymous_1)","decl":{"start":{"line":12,"column":12},"end":{"line":12,"column":17}},"loc":{"start":{"line":12,"column":67},"end":{"line":16,"column":3}}},"2":{"name":"(anonymous_2)","decl":{"start":{"line":18,"column":12},"end":{"line":18,"column":17}},"loc":{"start":{"line":18,"column":50},"end":{"line":22,"column":3}}},"3":{"name":"(anonymous_3)","decl":{"start":{"line":24,"column":12},"end":{"line":24,"column":17}},"loc":{"start":{"line":24,"column":49},"end":{"line":28,"column":3}}},"4":{"name":"(anonymous_4)","decl":{"start":{"line":30,"column":12},"end":{"line":30,"column":17}},"loc":{"start":{"line":30,"column":51},"end":{"line":34,"column":3}}},"5":{"name":"(anonymous_5)","decl":{"start":{"line":36,"column":12},"end":{"line":36,"column":17}},"loc":{"start":{"line":36,"column":40},"end":{"line":40,"column":3}}}},"branchMap":{},"s":{"0":15,"1":15,"2":2,"3":2,"4":1,"5":1,"6":1,"7":1,"8":1,"9":1,"10":1,"11":1,"12":3},"f":{"0":15,"1":2,"2":1,"3":1,"4":1,"5":1},"b":{}}
}
