TN:
SF:src/sdk.ts
FN:20,(anonymous_1)
FN:34,(anonymous_2)
FN:35,(anonymous_3)
FN:39,(anonymous_4)
FN:40,(anonymous_5)
FN:52,(anonymous_6)
FN:58,(anonymous_7)
FNF:7
FNH:7
FNDA:7,(anonymous_1)
FNDA:4,(anonymous_2)
FNDA:1,(anonymous_3)
FNDA:1,(anonymous_4)
FNDA:2,(anonymous_5)
FNDA:1,(anonymous_6)
FNDA:4,(anonymous_7)
DA:1,1
DA:2,1
DA:3,1
DA:4,1
DA:14,1
DA:21,7
DA:26,7
DA:31,7
DA:33,7
DA:34,4
DA:35,1
DA:38,7
DA:39,1
DA:41,2
DA:47,2
DA:53,1
DA:55,1
DA:59,4
DA:60,4
DA:62,4
DA:63,4
DA:65,4
DA:66,4
DA:74,4
DA:76,4
DA:77,4
DA:78,4
DA:80,4
LF:28
LH:28
BRDA:42,0,0,2
BRDA:42,0,1,1
BRDA:43,1,0,2
BRDA:43,1,1,1
BRDA:44,2,0,2
BRDA:44,2,1,1
BRDA:62,3,0,2
BRDA:62,3,1,2
BRDA:76,4,0,4
BRDA:76,4,1,4
BRF:10
BRH:10
end_of_record
TN:
SF:src/resources/authorization.ts
FN:9,(anonymous_0)
FN:16,(anonymous_1)
FNF:2
FNH:2
FNDA:9,(anonymous_0)
FNDA:1,(anonymous_1)
DA:2,2
DA:8,2
DA:10,9
DA:17,1
LF:4
LH:4
BRF:0
BRH:0
end_of_record
TN:
SF:src/resources/base-resource.ts
FN:7,(anonymous_0)
FN:12,(anonymous_1)
FN:18,(anonymous_2)
FN:24,(anonymous_3)
FN:30,(anonymous_4)
FN:36,(anonymous_5)
FNF:6
FNH:6
FNDA:15,(anonymous_0)
FNDA:2,(anonymous_1)
FNDA:1,(anonymous_2)
FNDA:1,(anonymous_3)
FNDA:1,(anonymous_4)
FNDA:1,(anonymous_5)
DA:3,3
DA:8,15
DA:9,15
DA:13,2
DA:15,2
DA:19,1
DA:21,1
DA:25,1
DA:27,1
DA:31,1
DA:33,1
DA:37,1
DA:39,1
LF:13
LH:13
BRF:0
BRH:0
end_of_record
