TN:
SF:src/sdk.ts
FN:22,(anonymous_1)
FN:37,(anonymous_2)
FN:38,(anonymous_3)
FN:42,(anonymous_4)
FN:43,(anonymous_5)
FN:55,(anonymous_6)
FN:61,(anonymous_7)
FNF:7
FNH:7
FNDA:7,(anonymous_1)
FNDA:4,(anonymous_2)
FNDA:1,(anonymous_3)
FNDA:1,(anonymous_4)
FNDA:2,(anonymous_5)
FNDA:1,(anonymous_6)
FNDA:4,(anonymous_7)
DA:1,1
DA:2,1
DA:3,1
DA:4,1
DA:5,1
DA:15,1
DA:23,7
DA:28,7
DA:33,7
DA:34,7
DA:36,7
DA:37,4
DA:38,1
DA:41,7
DA:42,1
DA:44,2
DA:50,2
DA:56,1
DA:58,1
DA:62,4
DA:63,4
DA:65,4
DA:66,4
DA:68,4
DA:69,4
DA:77,4
DA:79,4
DA:80,4
DA:81,4
DA:83,4
LF:30
LH:30
BRDA:45,0,0,2
BRDA:45,0,1,1
BRDA:46,1,0,2
BRDA:46,1,1,1
BRDA:47,2,0,2
BRDA:47,2,1,1
BRDA:65,3,0,2
BRDA:65,3,1,2
BRDA:79,4,0,4
BRDA:79,4,1,4
BRF:10
BRH:10
end_of_record
TN:
SF:src/types.ts
FN:27,(anonymous_0)
FNF:1
FNH:1
FNDA:1,(anonymous_0)
DA:27,1
LF:1
LH:1
BRDA:27,0,0,1
BRDA:27,0,1,1
BRF:2
BRH:2
end_of_record
TN:
SF:src/resources/authorization.ts
FN:9,(anonymous_0)
FN:16,(anonymous_1)
FNF:2
FNH:2
FNDA:9,(anonymous_0)
FNDA:1,(anonymous_1)
DA:2,2
DA:8,2
DA:10,9
DA:17,1
LF:4
LH:4
BRF:0
BRH:0
end_of_record
TN:
SF:src/resources/base-resource.ts
FN:7,(anonymous_0)
FN:12,(anonymous_1)
FN:18,(anonymous_2)
FN:24,(anonymous_3)
FN:30,(anonymous_4)
FN:36,(anonymous_5)
FNF:6
FNH:6
FNDA:22,(anonymous_0)
FNDA:2,(anonymous_1)
FNDA:1,(anonymous_2)
FNDA:1,(anonymous_3)
FNDA:1,(anonymous_4)
FNDA:1,(anonymous_5)
DA:3,3
DA:8,22
DA:9,22
DA:13,2
DA:15,2
DA:19,1
DA:21,1
DA:25,1
DA:27,1
DA:31,1
DA:33,1
DA:37,1
DA:39,1
LF:13
LH:13
BRF:0
BRH:0
end_of_record
TN:
SF:src/resources/charges.ts
FN:22,(anonymous_0)
FN:29,(anonymous_1)
FNF:2
FNH:1
FNDA:7,(anonymous_0)
FNDA:0,(anonymous_1)
DA:2,1
DA:3,1
DA:4,1
DA:5,1
DA:7,1
DA:21,1
DA:23,7
DA:30,0
DA:32,0
LF:9
LH:7
BRF:0
BRH:0
end_of_record
TN:
SF:src/utils/safe-await.ts
FN:1,(anonymous_0)
FNF:1
FNH:0
FNDA:0,(anonymous_0)
DA:1,1
DA:2,0
DA:3,0
DA:5,0
DA:7,0
LF:5
LH:1
BRF:0
BRH:0
end_of_record
TN:
SF:src/utils/validate-or-throw.ts
FN:4,(anonymous_0)
FNF:1
FNH:0
FNDA:0,(anonymous_0)
DA:2,1
DA:4,1
DA:5,0
DA:7,0
DA:8,0
DA:9,0
DA:12,0
LF:7
LH:2
BRDA:7,0,0,0
BRF:1
BRH:0
end_of_record
